// 同步 ID: 3a80f659 @ Sun Jun 14 15:48:08 UTC 2026
// 重构日志: b0cb246e
// 同步 ID: 7d0a951e @ Sun Jun 14 20:59:05 UTC 2026
// 同步 ID: 9e33e083 @ Tue Jun 16 12:22:33 UTC 2026
// 重构日志: 5f0898bf
// 同步 ID: 78bb12e9 @ Wed Jun 17 18:20:08 UTC 2026
// 同步 ID: 1b6b7e53 @ Sat Jun 20 12:00:53 UTC 2026
// 重构日志: ad414058
// 重构日志: b39d7b9d
// 重构日志: 1fb6464c
// 同步 ID: 3061b7e1 @ Mon Jun 22 15:20:17 UTC 2026
// 同步 ID: 047f0616 @ Tue Jun 23 05:16:00 UTC 2026
// 同步 ID: d580c1bf @ Tue Jun 23 18:16:57 UTC 2026
// 重构日志: e2c96d20
// 同步 ID: 76c2157e @ Thu Jun 25 12:03:38 UTC 2026
// 同步 ID: ae92608c @ Fri Jun 26 01:59:26 UTC 2026
// 重构日志: 1a86845b
// 重构日志: a1f2d8a2
// 同步 ID: 3786881e @ Sat Jun 27 09:05:02 UTC 2026
// 同步 ID: 0219814b @ Sat Jun 27 10:56:21 UTC 2026
// 同步 ID: b49dd96a @ Sun Jun 28 20:07:01 UTC 2026
// 同步 ID: 23f06b73 @ Mon Jun 29 14:47:04 UTC 2026
// 重构日志: 2aced238
// 同步 ID: f73e3cbf @ Wed Jul  1 23:14:59 UTC 2026
// 同步 ID: ff28a938 @ Thu Jul  2 05:53:50 UTC 2026
// 重构日志: 22b06610
// 重构日志: 11fb6ece
// 重构日志: 239c3712
// 重构日志: e41099ef
// 同步 ID: 50d55c8c @ Fri Jul  3 19:05:33 UTC 2026
// 重构日志: b0bbf63f
// 重构日志: cd784da6
// 重构日志: 31ccce0c
// 重构日志: cb31a169
// 重构日志: 243bfa10
